<?xml version="1.0" encoding="UTF-8"?>
<robot generator="Robot 3.1.2 (Python 3.8.1 on win32)" generated="20200330 15:32:15.929" rpa="false">
<suite id="s1" name="Zomato" source="C:\development\robot-scripts\ZomatoApplication\TestCases\Zomato.robot">
<test id="s1-t1" name="User Should Select Location And Find Restaurant">
<kw name="Begin Web Test" library="CommonWeb" type="setup">
<kw name="Open Browser" library="SeleniumLibrary">
<doc>Opens a new browser instance to the optional ``url``.</doc>
<arguments>
<arg>about:Blank</arg>
<arg>${BROWSER}</arg>
</arguments>
<msg timestamp="20200330 15:32:16.311" level="INFO">Opening browser 'Chrome' to base url 'about:Blank'.</msg>
<status status="PASS" starttime="20200330 15:32:16.310" endtime="20200330 15:32:22.055"></status>
</kw>
<kw name="Maximize Browser Window" library="SeleniumLibrary">
<doc>Maximizes current browser window.</doc>
<status status="PASS" starttime="20200330 15:32:22.055" endtime="20200330 15:32:26.187"></status>
</kw>
<status status="PASS" starttime="20200330 15:32:16.310" endtime="20200330 15:32:26.187"></status>
</kw>
<kw name="Navigate Url And Verify HomePage" library="ZomatoApp">
<kw name="Navigate To &quot;URL&quot;" library="HomePage">
<kw name="Go To" library="SeleniumLibrary">
<doc>Navigates the current browser window to the provided ``url``.</doc>
<arguments>
<arg>${URL}</arg>
</arguments>
<msg timestamp="20200330 15:32:26.189" level="INFO">Opening url 'https://www.zomato.com/india'</msg>
<status status="PASS" starttime="20200330 15:32:26.188" endtime="20200330 15:32:32.913"></status>
</kw>
<status status="PASS" starttime="20200330 15:32:26.188" endtime="20200330 15:32:32.914"></status>
</kw>
<kw name="Verify HomePage" library="HomePage">
<kw name="Page Should Contain" library="SeleniumLibrary">
<doc>Verifies that current page contains ``text``.</doc>
<arguments>
<arg>Popular locations in</arg>
</arguments>
<msg timestamp="20200330 15:32:32.987" level="INFO">Current page contains text 'Popular locations in'.</msg>
<status status="PASS" starttime="20200330 15:32:32.914" endtime="20200330 15:32:32.987"></status>
</kw>
<kw name="Sleep" library="BuiltIn">
<doc>Pauses the test executed for the given time.</doc>
<arguments>
<arg>5s</arg>
</arguments>
<msg timestamp="20200330 15:32:37.990" level="INFO">Slept 5 seconds</msg>
<status status="PASS" starttime="20200330 15:32:32.988" endtime="20200330 15:32:37.990"></status>
</kw>
<status status="PASS" starttime="20200330 15:32:32.914" endtime="20200330 15:32:37.990"></status>
</kw>
<status status="PASS" starttime="20200330 15:32:26.187" endtime="20200330 15:32:37.990"></status>
</kw>
<kw name="Search For Reataurent" library="ZomatoApp">
<kw name="Select Restauratn location wise" library="HomePage">
<kw name="Scroll Element Into View" library="SeleniumLibrary">
<doc>Scrolls the element identified by ``locator`` into view.</doc>
<arguments>
<arg>${LOCATION_REATAURANT}</arg>
</arguments>
<status status="PASS" starttime="20200330 15:32:37.992" endtime="20200330 15:32:38.566"></status>
</kw>
<kw name="Wait Until Element Is Visible" library="SeleniumLibrary">
<doc>Waits until the element ``locator`` is visible.</doc>
<arguments>
<arg>${LOCATION_REATAURANT}</arg>
</arguments>
<status status="PASS" starttime="20200330 15:32:38.567" endtime="20200330 15:32:38.630"></status>
</kw>
<kw name="Click Element" library="SeleniumLibrary">
<doc>Click the element identified by ``locator``.</doc>
<arguments>
<arg>${LOCATION_REATAURANT}</arg>
</arguments>
<msg timestamp="20200330 15:32:38.631" level="INFO">Clicking element 'xpath://*[@id="root"]/div[4]/div[3]/div/div/div/div[1]/a/div/div/h5'.</msg>
<status status="PASS" starttime="20200330 15:32:38.631" endtime="20200330 15:32:41.833"></status>
</kw>
<status status="PASS" starttime="20200330 15:32:37.991" endtime="20200330 15:32:41.833"></status>
</kw>
<kw name="Enter Restaurant Name In Search Box" library="SearchRestaurentPage">
<kw name="Input Text" library="SeleniumLibrary">
<doc>Types the given ``text`` into the text field identified by ``locator``.</doc>
<arguments>
<arg>${RESTAURANT_SEARCHBOX}</arg>
<arg>${RESTAURANT_NAME}</arg>
</arguments>
<msg timestamp="20200330 15:32:41.835" level="INFO">Typing text 'dosa point' into text field 'keywords_input'.</msg>
<status status="PASS" starttime="20200330 15:32:41.834" endtime="20200330 15:32:42.386"></status>
</kw>
<kw name="Click Element" library="SeleniumLibrary">
<doc>Click the element identified by ``locator``.</doc>
<arguments>
<arg>search_button</arg>
</arguments>
<msg timestamp="20200330 15:32:42.387" level="INFO">Clicking element 'search_button'.</msg>
<status status="PASS" starttime="20200330 15:32:42.387" endtime="20200330 15:32:42.535"></status>
</kw>
<status status="PASS" starttime="20200330 15:32:41.834" endtime="20200330 15:32:42.536"></status>
</kw>
<kw name="Verify Restaurant Page" library="SearchRestaurentPage">
<kw name="Get Text" library="SeleniumLibrary">
<doc>Returns the text value of the element identified by ``locator``.</doc>
<arguments>
<arg>css:#zimagery-container &gt; h1</arg>
</arguments>
<assign>
<var>${text}</var>
</assign>
<msg timestamp="20200330 15:32:42.646" level="INFO">${text} = Find the best restaurants, cafés, and bars in Delhi NCR</msg>
<status status="PASS" starttime="20200330 15:32:42.536" endtime="20200330 15:32:42.646"></status>
</kw>
<kw name="Page Should Contain" library="SeleniumLibrary">
<doc>Verifies that current page contains ``text``.</doc>
<arguments>
<arg>${text}</arg>
</arguments>
<msg timestamp="20200330 15:32:42.666" level="INFO">Current page contains text 'Find the best restaurants, cafés, and bars in Delhi NCR'.</msg>
<status status="PASS" starttime="20200330 15:32:42.646" endtime="20200330 15:32:42.666"></status>
</kw>
<status status="PASS" starttime="20200330 15:32:42.536" endtime="20200330 15:32:42.667"></status>
</kw>
<status status="PASS" starttime="20200330 15:32:37.991" endtime="20200330 15:32:42.667"></status>
</kw>
<kw name="User Should Select Restaurent With Location" library="ZomatoApp">
<kw name="Verify Landing &quot;MatchingRestaurant&quot; Page" library="RestaurantListPage">
<kw name="Wait Until Element Is Visible" library="SeleniumLibrary">
<doc>Waits until the element ``locator`` is visible.</doc>
<arguments>
<arg>xpath:/html/body/div[4]/div/div/div/div/ol/li[4]/h1</arg>
</arguments>
<kw name="Capture Page Screenshot" library="SeleniumLibrary">
<doc>Takes a screenshot of the current page and embeds it into a log file.</doc>
<msg timestamp="20200330 15:32:49.341" level="INFO" html="yes">&lt;/td&gt;&lt;/tr&gt;&lt;tr&gt;&lt;td colspan="3"&gt;&lt;a href="selenium-screenshot-1.png"&gt;&lt;img src="selenium-screenshot-1.png" width="800px"&gt;&lt;/a&gt;</msg>
<status status="PASS" starttime="20200330 15:32:47.887" endtime="20200330 15:32:49.342"></status>
</kw>
<msg timestamp="20200330 15:32:49.417" level="FAIL">Element 'xpath:/html/body/div[4]/div/div/div/div/ol/li[4]/h1' not visible after 5 seconds.</msg>
<status status="FAIL" starttime="20200330 15:32:42.670" endtime="20200330 15:32:49.417"></status>
</kw>
<status status="FAIL" starttime="20200330 15:32:42.669" endtime="20200330 15:32:49.417"></status>
</kw>
<status status="FAIL" starttime="20200330 15:32:42.668" endtime="20200330 15:32:49.417"></status>
</kw>
<kw name="End Web Test" library="CommonWeb" type="teardown">
<kw name="Close Browser" library="SeleniumLibrary">
<doc>Closes the current browser.</doc>
<status status="PASS" starttime="20200330 15:32:49.419" endtime="20200330 15:32:52.982"></status>
</kw>
<status status="PASS" starttime="20200330 15:32:49.418" endtime="20200330 15:32:52.982"></status>
</kw>
<doc>User Should Able to select location and found proper restaurent from dearch box</doc>
<tags>
<tag>RestaurantPage</tag>
</tags>
<status status="FAIL" starttime="20200330 15:32:16.308" endtime="20200330 15:32:52.983" critical="yes">Element 'xpath:/html/body/div[4]/div/div/div/div/ol/li[4]/h1' not visible after 5 seconds.</status>
</test>
<status status="FAIL" starttime="20200330 15:32:15.933" endtime="20200330 15:32:52.989"></status>
</suite>
<statistics>
<total>
<stat pass="0" fail="1">Critical Tests</stat>
<stat pass="0" fail="1">All Tests</stat>
</total>
<tag>
<stat pass="0" fail="1">RestaurantPage</stat>
</tag>
<suite>
<stat pass="0" fail="1" id="s1" name="Zomato">Zomato</stat>
</suite>
</statistics>
<errors>
<msg timestamp="20200330 15:32:16.296" level="ERROR">Error in file 'C:\development\robot-scripts\ZomatoApplication\ResourceFile\ZomatoApp.robot': Resource file 'ResourceFile\CommonWeb.robot' does not exist.</msg>
</errors>
</robot>
